生成启动时间为 2014-01-21 23:30:23。
     1>项目“C:\Users\better\Documents\Visual Studio 2010\Projects\ColoringGraphAlgorithm\RunBaseCode\RunBaseCode.vcxproj”在节点 2 上(build 个目标)。
     1>InitializeBuildStatus:
         正在创建“Debug\RunBaseCode.unsuccessfulbuild”，因为已指定“AlwaysCreate”。
       ClCompile:
         所有输出均为最新。
       ManifestResourceCompile:
         所有输出均为最新。
       Link:
         C:\Program Files\Microsoft Visual Studio 10.0\VC\bin\link.exe /ERRORREPORT:PROMPT /OUT:"C:\Users\better\Documents\Visual Studio 2010\Projects\ColoringGraphAlgorithm\Debug\RunBaseCode.exe" /INCREMENTAL /NOLOGO /LIBPATH:"D:\CplusplusLibrary\CGAL-4.3\build\lib" /LIBPATH:"D:\CplusplusLibrary\boost_1_54_0\lib32-msvc-10.0" /LIBPATH:"D:\CplusplusLibrary\CGAL-4.3\auxiliary\gmp\lib" QtCored4.lib QtGuid4.lib qtmaind.lib "CGAL_Core-vc100-mt-gd-4.3.lib" "CGAL-vc100-mt-gd-4.3.lib" "libboost_thread-vc100-mt-gd-1_54.lib" "libgmp-10.lib" "libmpfr-4.lib" kernel32.lib user32.lib gdi32.lib winspool.lib comdlg32.lib advapi32.lib shell32.lib ole32.lib oleaut32.lib uuid.lib odbc32.lib odbccp32.lib /MANIFEST /ManifestFile:"Debug\RunBaseCode.exe.intermediate.manifest" /MANIFESTUAC:"level='asInvoker' uiAccess='false'" /DEBUG /PDB:"C:\Users\better\Documents\Visual Studio 2010\Projects\ColoringGraphAlgorithm\Debug\RunBaseCode.pdb" /SUBSYSTEM:CONSOLE /TLBID:1 /DYNAMICBASE /NXCOMPAT /IMPLIB:"C:\Users\better\Documents\Visual Studio 2010\Projects\ColoringGraphAlgorithm\Debug\RunBaseCode.lib" /MACHINE:X86 Debug\RunBaseCode.exe.embed.manifest.res
         Debug\main.obj
         "C:\Users\better\Documents\Visual Studio 2010\Projects\ColoringGraphAlgorithm\debug\TestQT.lib"
       Manifest:
         C:\Program Files\Microsoft SDKs\Windows\v7.0A\bin\mt.exe /nologo /verbose /out:"Debug\RunBaseCode.exe.embed.manifest" /manifest Debug\RunBaseCode.exe.intermediate.manifest
         所有输出均为最新。
       LinkEmbedManifest:
         所有输出均为最新。
         RunBaseCode.vcxproj -> C:\Users\better\Documents\Visual Studio 2010\Projects\ColoringGraphAlgorithm\Debug\RunBaseCode.exe
       FinalizeBuildStatus:
         正在删除文件“Debug\RunBaseCode.unsuccessfulbuild”。
         正在对“Debug\RunBaseCode.lastbuildstate”执行 Touch 任务。
     1>已完成生成项目“C:\Users\better\Documents\Visual Studio 2010\Projects\ColoringGraphAlgorithm\RunBaseCode\RunBaseCode.vcxproj”(build 个目标)的操作。

生成成功。

已用时间 00:00:01.13
