C:\USERS\BETTER\DOCUMENTS\VISUAL STUDIO 2010\PROJECTS\COLORINGGRAPHALGORITHM\DEBUG\RUNBASECODE.EXE
C:\USERS\BETTER\DOCUMENTS\VISUAL STUDIO 2010\PROJECTS\COLORINGGRAPHALGORITHM\DEBUG\RUNBASECODE.ILK
C:\USERS\BETTER\DOCUMENTS\VISUAL STUDIO 2010\PROJECTS\COLORINGGRAPHALGORITHM\DEBUG\RUNBASECODE.PDB
C:\Users\better\Documents\Visual Studio 2010\Projects\ColoringGraphAlgorithm\RunBaseCode\Debug\cl.command.1.tlog
C:\Users\better\Documents\Visual Studio 2010\Projects\ColoringGraphAlgorithm\RunBaseCode\Debug\CL.read.1.tlog
C:\Users\better\Documents\Visual Studio 2010\Projects\ColoringGraphAlgorithm\RunBaseCode\Debug\CL.write.1.tlog
C:\Users\better\Documents\Visual Studio 2010\Projects\ColoringGraphAlgorithm\RunBaseCode\Debug\link.10264.read.1.tlog
C:\Users\better\Documents\Visual Studio 2010\Projects\ColoringGraphAlgorithm\RunBaseCode\Debug\link.10264.write.1.tlog
C:\Users\better\Documents\Visual Studio 2010\Projects\ColoringGraphAlgorithm\RunBaseCode\Debug\link.10264-cvtres.read.1.tlog
C:\Users\better\Documents\Visual Studio 2010\Projects\ColoringGraphAlgorithm\RunBaseCode\Debug\link.10264-cvtres.write.1.tlog
C:\Users\better\Documents\Visual Studio 2010\Projects\ColoringGraphAlgorithm\RunBaseCode\Debug\link.1760.read.1.tlog
C:\Users\better\Documents\Visual Studio 2010\Projects\ColoringGraphAlgorithm\RunBaseCode\Debug\link.1760.write.1.tlog
C:\Users\better\Documents\Visual Studio 2010\Projects\ColoringGraphAlgorithm\RunBaseCode\Debug\link.1760-cvtres.read.1.tlog
C:\Users\better\Documents\Visual Studio 2010\Projects\ColoringGraphAlgorithm\RunBaseCode\Debug\link.1760-cvtres.write.1.tlog
C:\Users\better\Documents\Visual Studio 2010\Projects\ColoringGraphAlgorithm\RunBaseCode\Debug\link.4136.read.1.tlog
C:\Users\better\Documents\Visual Studio 2010\Projects\ColoringGraphAlgorithm\RunBaseCode\Debug\link.4136.write.1.tlog
C:\Users\better\Documents\Visual Studio 2010\Projects\ColoringGraphAlgorithm\RunBaseCode\Debug\link.4136-cvtres.read.1.tlog
C:\Users\better\Documents\Visual Studio 2010\Projects\ColoringGraphAlgorithm\RunBaseCode\Debug\link.4136-cvtres.write.1.tlog
C:\Users\better\Documents\Visual Studio 2010\Projects\ColoringGraphAlgorithm\RunBaseCode\Debug\link.5448.read.1.tlog
C:\Users\better\Documents\Visual Studio 2010\Projects\ColoringGraphAlgorithm\RunBaseCode\Debug\link.5448.write.1.tlog
C:\Users\better\Documents\Visual Studio 2010\Projects\ColoringGraphAlgorithm\RunBaseCode\Debug\link.5448-cvtres.read.1.tlog
C:\Users\better\Documents\Visual Studio 2010\Projects\ColoringGraphAlgorithm\RunBaseCode\Debug\link.5448-cvtres.write.1.tlog
C:\Users\better\Documents\Visual Studio 2010\Projects\ColoringGraphAlgorithm\RunBaseCode\Debug\link.5580.read.1.tlog
C:\Users\better\Documents\Visual Studio 2010\Projects\ColoringGraphAlgorithm\RunBaseCode\Debug\link.5580.write.1.tlog
C:\Users\better\Documents\Visual Studio 2010\Projects\ColoringGraphAlgorithm\RunBaseCode\Debug\link.5580-cvtres.read.1.tlog
C:\Users\better\Documents\Visual Studio 2010\Projects\ColoringGraphAlgorithm\RunBaseCode\Debug\link.5580-cvtres.write.1.tlog
C:\Users\better\Documents\Visual Studio 2010\Projects\ColoringGraphAlgorithm\RunBaseCode\Debug\link.6124.read.1.tlog
C:\Users\better\Documents\Visual Studio 2010\Projects\ColoringGraphAlgorithm\RunBaseCode\Debug\link.6124.write.1.tlog
C:\Users\better\Documents\Visual Studio 2010\Projects\ColoringGraphAlgorithm\RunBaseCode\Debug\link.6124-cvtres.read.1.tlog
C:\Users\better\Documents\Visual Studio 2010\Projects\ColoringGraphAlgorithm\RunBaseCode\Debug\link.6124-cvtres.write.1.tlog
C:\Users\better\Documents\Visual Studio 2010\Projects\ColoringGraphAlgorithm\RunBaseCode\Debug\link.7448.read.1.tlog
C:\Users\better\Documents\Visual Studio 2010\Projects\ColoringGraphAlgorithm\RunBaseCode\Debug\link.7448.write.1.tlog
C:\Users\better\Documents\Visual Studio 2010\Projects\ColoringGraphAlgorithm\RunBaseCode\Debug\link.7448-cvtres.read.1.tlog
C:\Users\better\Documents\Visual Studio 2010\Projects\ColoringGraphAlgorithm\RunBaseCode\Debug\link.7448-cvtres.write.1.tlog
C:\Users\better\Documents\Visual Studio 2010\Projects\ColoringGraphAlgorithm\RunBaseCode\Debug\link.8368.read.1.tlog
C:\Users\better\Documents\Visual Studio 2010\Projects\ColoringGraphAlgorithm\RunBaseCode\Debug\link.8368.write.1.tlog
C:\Users\better\Documents\Visual Studio 2010\Projects\ColoringGraphAlgorithm\RunBaseCode\Debug\link.8368-cvtres.read.1.tlog
C:\Users\better\Documents\Visual Studio 2010\Projects\ColoringGraphAlgorithm\RunBaseCode\Debug\link.8368-cvtres.write.1.tlog
C:\Users\better\Documents\Visual Studio 2010\Projects\ColoringGraphAlgorithm\RunBaseCode\Debug\link.8648.read.1.tlog
C:\Users\better\Documents\Visual Studio 2010\Projects\ColoringGraphAlgorithm\RunBaseCode\Debug\link.8648.write.1.tlog
C:\Users\better\Documents\Visual Studio 2010\Projects\ColoringGraphAlgorithm\RunBaseCode\Debug\link.8648-cvtres.read.1.tlog
C:\Users\better\Documents\Visual Studio 2010\Projects\ColoringGraphAlgorithm\RunBaseCode\Debug\link.8648-cvtres.write.1.tlog
C:\Users\better\Documents\Visual Studio 2010\Projects\ColoringGraphAlgorithm\RunBaseCode\Debug\link.980.read.1.tlog
C:\Users\better\Documents\Visual Studio 2010\Projects\ColoringGraphAlgorithm\RunBaseCode\Debug\link.980.write.1.tlog
C:\Users\better\Documents\Visual Studio 2010\Projects\ColoringGraphAlgorithm\RunBaseCode\Debug\link.980-cvtres.read.1.tlog
C:\Users\better\Documents\Visual Studio 2010\Projects\ColoringGraphAlgorithm\RunBaseCode\Debug\link.980-cvtres.write.1.tlog
C:\Users\better\Documents\Visual Studio 2010\Projects\ColoringGraphAlgorithm\RunBaseCode\Debug\link.9824.read.1.tlog
C:\Users\better\Documents\Visual Studio 2010\Projects\ColoringGraphAlgorithm\RunBaseCode\Debug\link.9824.write.1.tlog
C:\Users\better\Documents\Visual Studio 2010\Projects\ColoringGraphAlgorithm\RunBaseCode\Debug\link.9824-cvtres.read.1.tlog
C:\Users\better\Documents\Visual Studio 2010\Projects\ColoringGraphAlgorithm\RunBaseCode\Debug\link.9824-cvtres.write.1.tlog
C:\Users\better\Documents\Visual Studio 2010\Projects\ColoringGraphAlgorithm\RunBaseCode\Debug\link.command.1.tlog
C:\Users\better\Documents\Visual Studio 2010\Projects\ColoringGraphAlgorithm\RunBaseCode\Debug\link.read.1.tlog
C:\Users\better\Documents\Visual Studio 2010\Projects\ColoringGraphAlgorithm\RunBaseCode\Debug\link.write.1.tlog
C:\Users\better\Documents\Visual Studio 2010\Projects\ColoringGraphAlgorithm\RunBaseCode\Debug\link-cvtres.read.1.tlog
C:\Users\better\Documents\Visual Studio 2010\Projects\ColoringGraphAlgorithm\RunBaseCode\Debug\link-cvtres.write.1.tlog
C:\USERS\BETTER\DOCUMENTS\VISUAL STUDIO 2010\PROJECTS\COLORINGGRAPHALGORITHM\RUNBASECODE\DEBUG\MAIN.OBJ
C:\Users\better\Documents\Visual Studio 2010\Projects\ColoringGraphAlgorithm\RunBaseCode\Debug\mt.command.1.tlog
C:\Users\better\Documents\Visual Studio 2010\Projects\ColoringGraphAlgorithm\RunBaseCode\Debug\mt.read.1.tlog
C:\Users\better\Documents\Visual Studio 2010\Projects\ColoringGraphAlgorithm\RunBaseCode\Debug\mt.write.1.tlog
C:\Users\better\Documents\Visual Studio 2010\Projects\ColoringGraphAlgorithm\RunBaseCode\Debug\rc.command.1.tlog
C:\Users\better\Documents\Visual Studio 2010\Projects\ColoringGraphAlgorithm\RunBaseCode\Debug\rc.read.1.tlog
C:\Users\better\Documents\Visual Studio 2010\Projects\ColoringGraphAlgorithm\RunBaseCode\Debug\rc.write.1.tlog
C:\USERS\BETTER\DOCUMENTS\VISUAL STUDIO 2010\PROJECTS\COLORINGGRAPHALGORITHM\RUNBASECODE\DEBUG\RUNBASECODE.EXE.EMBED.MANIFEST
C:\USERS\BETTER\DOCUMENTS\VISUAL STUDIO 2010\PROJECTS\COLORINGGRAPHALGORITHM\RUNBASECODE\DEBUG\RUNBASECODE.EXE.EMBED.MANIFEST.RES
C:\USERS\BETTER\DOCUMENTS\VISUAL STUDIO 2010\PROJECTS\COLORINGGRAPHALGORITHM\RUNBASECODE\DEBUG\RUNBASECODE.EXE.INTERMEDIATE.MANIFEST
C:\Users\better\Documents\Visual Studio 2010\Projects\ColoringGraphAlgorithm\RunBaseCode\Debug\RunBaseCode.vcxprojResolveAssemblyReference.cache
C:\Users\better\Documents\Visual Studio 2010\Projects\ColoringGraphAlgorithm\RunBaseCode\Debug\RunBaseCode.write.1.tlog
C:\Users\better\Documents\Visual Studio 2010\Projects\ColoringGraphAlgorithm\RunBaseCode\Debug\RunBaseCode_manifest.rc
C:\Users\better\Documents\Visual Studio 2010\Projects\ColoringGraphAlgorithm\RunBaseCode\Debug\vc100.idb
C:\USERS\BETTER\DOCUMENTS\VISUAL STUDIO 2010\PROJECTS\COLORINGGRAPHALGORITHM\RUNBASECODE\DEBUG\VC100.PDB
